{
  "RSpec": {
    "coverage": {
      "/Users/xinpinghuang/Desktop/Ruby/Daily Projects/products-service/spec/api_spec.rb": [
        1,
        null,
        1,
        1,
        null,
        1,
        2,
        null,
        null,
        1,
        1,
        2,
        null,
        null,
        1,
        1,
        null,
        null,
        1,
        1,
        null,
        null,
        null,
        null,
        null,
        1,
        0,
        null
      ]
    },
    "timestamp": 1495532004
  }
}
